0 info it worked if it ends with ok
1 verbose cli [ 'node', '/usr/local/bin/npm', 'publish' ]
2 info using npm@1.4.6
3 info using node@v0.10.26
4 verbose node symlink /usr/local/bin/node
5 verbose publish [ '.' ]
6 verbose cache add [ '.', null ]
7 verbose cache add name=undefined spec="." args=[".",null]
8 verbose parsed url { protocol: null,
8 verbose parsed url   slashes: null,
8 verbose parsed url   auth: null,
8 verbose parsed url   host: null,
8 verbose parsed url   port: null,
8 verbose parsed url   hostname: null,
8 verbose parsed url   hash: null,
8 verbose parsed url   search: null,
8 verbose parsed url   query: null,
8 verbose parsed url   pathname: '.',
8 verbose parsed url   path: '.',
8 verbose parsed url   href: '.' }
9 silly lockFile 3a52ce78- .
10 verbose lock . /Users/obara.takao/.npm/3a52ce78-.lock
11 verbose tar pack [ '/var/folders/vl/pzwvsw6s6jl_s2gtydc1srq5ffvzlg/T/npm-16007-JtTdcksV/1398365200239-0.02027438022196293/tmp.tgz',
11 verbose tar pack   '.' ]
12 verbose tarball /var/folders/vl/pzwvsw6s6jl_s2gtydc1srq5ffvzlg/T/npm-16007-JtTdcksV/1398365200239-0.02027438022196293/tmp.tgz
13 verbose folder .
14 info prepublish uupaa.extend.js@0.8.10
15 silly lockFile 1f1177db-tar tar://.
16 verbose lock tar://. /Users/obara.takao/.npm/1f1177db-tar.lock
17 silly lockFile 4241eb1f-0239-0-02027438022196293-tmp-tgz tar:///var/folders/vl/pzwvsw6s6jl_s2gtydc1srq5ffvzlg/T/npm-16007-JtTdcksV/1398365200239-0.02027438022196293/tmp.tgz
18 verbose lock tar:///var/folders/vl/pzwvsw6s6jl_s2gtydc1srq5ffvzlg/T/npm-16007-JtTdcksV/1398365200239-0.02027438022196293/tmp.tgz /Users/obara.takao/.npm/4241eb1f-0239-0-02027438022196293-tmp-tgz.lock
19 silly lockFile 1f1177db-tar tar://.
20 silly lockFile 1f1177db-tar tar://.
21 silly lockFile 4241eb1f-0239-0-02027438022196293-tmp-tgz tar:///var/folders/vl/pzwvsw6s6jl_s2gtydc1srq5ffvzlg/T/npm-16007-JtTdcksV/1398365200239-0.02027438022196293/tmp.tgz
22 silly lockFile 4241eb1f-0239-0-02027438022196293-tmp-tgz tar:///var/folders/vl/pzwvsw6s6jl_s2gtydc1srq5ffvzlg/T/npm-16007-JtTdcksV/1398365200239-0.02027438022196293/tmp.tgz
23 verbose tar unpack /var/folders/vl/pzwvsw6s6jl_s2gtydc1srq5ffvzlg/T/npm-16007-JtTdcksV/1398365200239-0.02027438022196293/tmp.tgz
24 silly lockFile 1f360796-0239-0-02027438022196293-package tar:///var/folders/vl/pzwvsw6s6jl_s2gtydc1srq5ffvzlg/T/npm-16007-JtTdcksV/1398365200239-0.02027438022196293/package
25 verbose lock tar:///var/folders/vl/pzwvsw6s6jl_s2gtydc1srq5ffvzlg/T/npm-16007-JtTdcksV/1398365200239-0.02027438022196293/package /Users/obara.takao/.npm/1f360796-0239-0-02027438022196293-package.lock
26 silly lockFile 4241eb1f-0239-0-02027438022196293-tmp-tgz tar:///var/folders/vl/pzwvsw6s6jl_s2gtydc1srq5ffvzlg/T/npm-16007-JtTdcksV/1398365200239-0.02027438022196293/tmp.tgz
27 verbose lock tar:///var/folders/vl/pzwvsw6s6jl_s2gtydc1srq5ffvzlg/T/npm-16007-JtTdcksV/1398365200239-0.02027438022196293/tmp.tgz /Users/obara.takao/.npm/4241eb1f-0239-0-02027438022196293-tmp-tgz.lock
28 silly gunzTarPerm modes [ '755', '644' ]
29 silly gunzTarPerm extractEntry package.json
30 silly gunzTarPerm extractEntry .npmignore
31 silly gunzTarPerm extractEntry README.md
32 silly gunzTarPerm extractEntry LICENSE
33 silly gunzTarPerm extractEntry index.js
34 silly gunzTarPerm extractEntry lib/Extend.js
35 silly gunzTarPerm extractEntry .travis.yml
36 silly gunzTarPerm extractEntry lint/plato/README.md
37 silly gunzTarPerm extractEntry lint/plato/report.history.js
38 silly gunzTarPerm extractEntry lint/plato/report.js
39 silly gunzTarPerm extractEntry lint/plato/report.history.json
40 silly gunzTarPerm extractEntry lint/plato/report.json
41 silly gunzTarPerm extractEntry release/README.md
42 silly gunzTarPerm extractEntry .jshintrc
43 silly gunzTarPerm extractEntry test/index.node.js
44 silly gunzTarPerm extractEntry test/test.js
45 silly gunzTarPerm extractEntry test/index.html
46 silly lockFile 1f360796-0239-0-02027438022196293-package tar:///var/folders/vl/pzwvsw6s6jl_s2gtydc1srq5ffvzlg/T/npm-16007-JtTdcksV/1398365200239-0.02027438022196293/package
47 silly lockFile 1f360796-0239-0-02027438022196293-package tar:///var/folders/vl/pzwvsw6s6jl_s2gtydc1srq5ffvzlg/T/npm-16007-JtTdcksV/1398365200239-0.02027438022196293/package
48 silly lockFile 4241eb1f-0239-0-02027438022196293-tmp-tgz tar:///var/folders/vl/pzwvsw6s6jl_s2gtydc1srq5ffvzlg/T/npm-16007-JtTdcksV/1398365200239-0.02027438022196293/tmp.tgz
49 silly lockFile 4241eb1f-0239-0-02027438022196293-tmp-tgz tar:///var/folders/vl/pzwvsw6s6jl_s2gtydc1srq5ffvzlg/T/npm-16007-JtTdcksV/1398365200239-0.02027438022196293/tmp.tgz
50 verbose tar pack [ '/Users/obara.takao/.npm/uupaa.extend.js/0.8.10/package.tgz',
50 verbose tar pack   '/var/folders/vl/pzwvsw6s6jl_s2gtydc1srq5ffvzlg/T/npm-16007-JtTdcksV/1398365200239-0.02027438022196293/package' ]
51 verbose tarball /Users/obara.takao/.npm/uupaa.extend.js/0.8.10/package.tgz
52 verbose folder /var/folders/vl/pzwvsw6s6jl_s2gtydc1srq5ffvzlg/T/npm-16007-JtTdcksV/1398365200239-0.02027438022196293/package
53 silly lockFile 1f360796-0239-0-02027438022196293-package tar:///var/folders/vl/pzwvsw6s6jl_s2gtydc1srq5ffvzlg/T/npm-16007-JtTdcksV/1398365200239-0.02027438022196293/package
54 verbose lock tar:///var/folders/vl/pzwvsw6s6jl_s2gtydc1srq5ffvzlg/T/npm-16007-JtTdcksV/1398365200239-0.02027438022196293/package /Users/obara.takao/.npm/1f360796-0239-0-02027438022196293-package.lock
55 silly lockFile 465e8eff-paa-extend-js-0-8-10-package-tgz tar:///Users/obara.takao/.npm/uupaa.extend.js/0.8.10/package.tgz
56 verbose lock tar:///Users/obara.takao/.npm/uupaa.extend.js/0.8.10/package.tgz /Users/obara.takao/.npm/465e8eff-paa-extend-js-0-8-10-package-tgz.lock
57 silly lockFile 1f360796-0239-0-02027438022196293-package tar:///var/folders/vl/pzwvsw6s6jl_s2gtydc1srq5ffvzlg/T/npm-16007-JtTdcksV/1398365200239-0.02027438022196293/package
58 silly lockFile 1f360796-0239-0-02027438022196293-package tar:///var/folders/vl/pzwvsw6s6jl_s2gtydc1srq5ffvzlg/T/npm-16007-JtTdcksV/1398365200239-0.02027438022196293/package
59 silly lockFile 465e8eff-paa-extend-js-0-8-10-package-tgz tar:///Users/obara.takao/.npm/uupaa.extend.js/0.8.10/package.tgz
60 silly lockFile 465e8eff-paa-extend-js-0-8-10-package-tgz tar:///Users/obara.takao/.npm/uupaa.extend.js/0.8.10/package.tgz
61 silly lockFile 4235a911-m-uupaa-extend-js-0-8-10-package /Users/obara.takao/.npm/uupaa.extend.js/0.8.10/package
62 verbose lock /Users/obara.takao/.npm/uupaa.extend.js/0.8.10/package /Users/obara.takao/.npm/4235a911-m-uupaa-extend-js-0-8-10-package.lock
63 silly lockFile 4235a911-m-uupaa-extend-js-0-8-10-package /Users/obara.takao/.npm/uupaa.extend.js/0.8.10/package
64 silly lockFile 4235a911-m-uupaa-extend-js-0-8-10-package /Users/obara.takao/.npm/uupaa.extend.js/0.8.10/package
65 verbose tar unpack /Users/obara.takao/.npm/uupaa.extend.js/0.8.10/package.tgz
66 silly lockFile ef766392-m-uupaa-extend-js-0-8-10-package tar:///Users/obara.takao/.npm/uupaa.extend.js/0.8.10/package
67 verbose lock tar:///Users/obara.takao/.npm/uupaa.extend.js/0.8.10/package /Users/obara.takao/.npm/ef766392-m-uupaa-extend-js-0-8-10-package.lock
68 silly lockFile 465e8eff-paa-extend-js-0-8-10-package-tgz tar:///Users/obara.takao/.npm/uupaa.extend.js/0.8.10/package.tgz
69 verbose lock tar:///Users/obara.takao/.npm/uupaa.extend.js/0.8.10/package.tgz /Users/obara.takao/.npm/465e8eff-paa-extend-js-0-8-10-package-tgz.lock
70 silly gunzTarPerm modes [ '755', '644' ]
71 silly gunzTarPerm extractEntry package.json
72 silly gunzTarPerm extractEntry .npmignore
73 silly gunzTarPerm extractEntry README.md
74 silly gunzTarPerm extractEntry LICENSE
75 silly gunzTarPerm extractEntry index.js
76 silly gunzTarPerm extractEntry .jshintrc
77 silly gunzTarPerm extractEntry lib/Extend.js
78 silly gunzTarPerm extractEntry lint/plato/README.md
79 silly gunzTarPerm extractEntry lint/plato/report.history.js
80 silly gunzTarPerm extractEntry lint/plato/report.js
81 silly gunzTarPerm extractEntry lint/plato/report.history.json
82 silly gunzTarPerm extractEntry lint/plato/report.json
83 silly gunzTarPerm extractEntry .travis.yml
84 silly gunzTarPerm extractEntry release/README.md
85 silly gunzTarPerm extractEntry test/index.node.js
86 silly gunzTarPerm extractEntry test/test.js
87 silly gunzTarPerm extractEntry test/index.html
88 silly lockFile ef766392-m-uupaa-extend-js-0-8-10-package tar:///Users/obara.takao/.npm/uupaa.extend.js/0.8.10/package
89 silly lockFile ef766392-m-uupaa-extend-js-0-8-10-package tar:///Users/obara.takao/.npm/uupaa.extend.js/0.8.10/package
90 silly lockFile 465e8eff-paa-extend-js-0-8-10-package-tgz tar:///Users/obara.takao/.npm/uupaa.extend.js/0.8.10/package.tgz
91 silly lockFile 465e8eff-paa-extend-js-0-8-10-package-tgz tar:///Users/obara.takao/.npm/uupaa.extend.js/0.8.10/package.tgz
92 verbose chmod /Users/obara.takao/.npm/uupaa.extend.js/0.8.10/package.tgz 644
93 verbose chown /Users/obara.takao/.npm/uupaa.extend.js/0.8.10/package.tgz [ 1559101039, 1522739515 ]
94 silly lockFile 3a52ce78- .
95 silly lockFile 3a52ce78- .
96 silly publish { name: 'uupaa.extend.js',
96 silly publish   version: '0.8.10',
96 silly publish   description: 'Mixin, Polyfill, Fallback functions.',
96 silly publish   url: 'https://github.com/uupaa/Extend.js',
96 silly publish   keywords:
96 silly publish    [ 'Extend',
96 silly publish      'Mixin',
96 silly publish      'Polyfill',
96 silly publish      'Fallback',
96 silly publish      'util',
96 silly publish      'uupaa',
96 silly publish      'WebModule' ],
96 silly publish   repository: { type: 'git', url: 'https://github.com/uupaa/Extend.js.git' },
96 silly publish   scripts:
96 silly publish    { watch: 'node node_modules/uupaa.watch.js --verbose --action build',
96 silly publish      build: 'node node_modules/uupaa.minify.js --verbose --strict --keep --pretty',
96 silly publish      'build-simple': 'node node_modules/uupaa.minify.js --verbose --strict --keep --pretty --nowrap --simple',
96 silly publish      'build-release': 'node node_modules/uupaa.minify.js --verbose --strict --module',
96 silly publish      test: 'npm run test-node; npm run test-browser',
96 silly publish      'test-page': 'node node_modules/uupaa.test.js/bin/TestPage.js --verbose',
96 silly publish      'test-node': 'NODE_ENV=production NODE_PATH=lib node --harmony test/index.node.js',
96 silly publish      'test-browser': 'open test/index.html',
96 silly publish      lint: 'node node_modules/uupaa.plato.js; open lint/plato/index.html' },
96 silly publish   'x-build':
96 silly publish    { files: [ 'lib/Extend.js' ],
96 silly publish      output: 'release/Extend.min.js',
96 silly publish      target: [ 'all' ] },
96 silly publish   dependencies: {},
96 silly publish   devDependencies:
96 silly publish    { 'uupaa.nodemodule.js': '',
96 silly publish      'uupaa.console.js': '',
96 silly publish      'uupaa.valid.js': '',
96 silly publish      'uupaa.help.js': '',
96 silly publish      'uupaa.task.js': '',
96 silly publish      'uupaa.test.js': '',
96 silly publish      'uupaa.watch.js': '',
96 silly publish      'uupaa.plato.js': '',
96 silly publish      'uupaa.minify.js': '' },
96 silly publish   lib: './lib/',
96 silly publish   main: './index.js',
96 silly publish   author: { name: 'uupaa', email: 'uupaa.js@gmail.com' },
96 silly publish   license: 'MIT',
96 silly publish   contributors: [],
96 silly publish   readme: '=========\nExtend.js\n=========\n\n![](https://travis-ci.org/uupaa/Extend.js.png)\n\nMixin, Polyfill, Fallback functions.\n\n# Document\n\n- [WebModule](https://github.com/uupaa/WebModule) ([Slide](http://uupaa.github.io/Slide/slide/WebModule/index.html))\n- [Development](https://github.com/uupaa/WebModule/wiki/Development)\n- [Extend.js wiki](https://github.com/uupaa/Extend.js/wiki/Extend)\n\n\n# How to use\n\n```js\n<script src="lib/Extend.js">\n<script>\n// for Browser\n\n// ExtendTreeObject example:\n\nExtend(global, {\n         "Array": {\n             "name": "Array",\n             "isArray": Array_isArray,\n             "prototype": {\n                 "forEach": Array_forEach\n             }\n         },\n         "String": {\n             "name": "String",\n             "prototype": {\n                 "trim": String_trim\n             }\n         }\n     }\n });\n\n</script>\n```\n\n```js\n// for WebWorkers\nimportScripts("lib/Extend.js");\n\n...\n```\n\n```js\n// for Node.js\nvar Extend = require("lib/Extend.js");\n\n...\n```\n\n',
96 silly publish   readmeFilename: 'README.md',
96 silly publish   bugs: { url: 'https://github.com/uupaa/Extend.js/issues' },
96 silly publish   homepage: 'https://github.com/uupaa/Extend.js',
96 silly publish   _id: 'uupaa.extend.js@0.8.10',
96 silly publish   dist: { shasum: 'd69290956c59f27d560ea6233537693f8ee014fd' },
96 silly publish   _from: '.' }
97 verbose url raw uupaa.extend.js
98 verbose url resolving [ 'https://registry.npmjs.org/', './uupaa.extend.js' ]
99 verbose url resolved https://registry.npmjs.org/uupaa.extend.js
100 info trying registry request attempt 1 at 03:46:40
101 http PUT https://registry.npmjs.org/uupaa.extend.js
102 http 403 https://registry.npmjs.org/uupaa.extend.js
103 error publish Failed PUT 403
104 error Error: forbidden cannot modify pre-existing version: 0.8.10
104 error old={"name":"uupaa.extend.js","version":"0.8.10","description":"Mixin, Polyfill, Fallback functions.","url":"https://github.com/uupaa/Extend.js","keywords":["Extend","Mixin","Polyfill","Fallback","util","uupaa","WebModule"],"repository":{"type":"git","url":"https://github.com/uupaa/Extend.js.git"},"scripts":{"watch":"node node_modules/uupaa.watch.js --verbose --action build","build":"node node_modules/uupaa.minify.js --verbose --strict --keep --pretty","build-simple":"node node_modules/uupaa.minify.js --verbose --strict --keep --pretty --nowrap --simple","build-release":"node node_modules/uupaa.minify.js --verbose --strict --module","test":"npm run test-node; npm run test-browser","test-node":"NODE_ENV=production NODE_PATH=lib node --harmony test/index.node.js","test-browser":"open test/index.html","lint":"node node_modules/uupaa.plato.js; open lint/plato/index.html"},"x-build":{"inputs":["lib/Extend.js"],"output":"release/Extend.min.js"},"dependencies":{},"devDependencies":{"uupaa.console.js":"","uupaa.valid.js":"","uupaa.help.js":"","uupaa.task.js":"","uupaa.test.js":"","uupaa.watch.js":"","uupaa.plato.js":"","uupaa.minify.js":""},"lib":"./lib/","main":"./index.js","author":{"name":"uupaa","email":"uupaa.js@gmail.com"},"license":"MIT","contributors":[],"bugs":{"url":"https://github.com/uupaa/Extend.js/issues"},"homepage":"https://github.com/uupaa/Extend.js","_id":"uupaa.extend.js@0.8.10","dist":{"shasum":"5ddac87c926c4cff7900662dce525e21fbe87741","tarball":"http://registry.npmjs.org/uupaa.extend.js/-/uupaa.extend.js-0.8.10.tgz"},"_from":".","_npmVersion":"1.4.6","_npmUser":{"name":"uupaa","email":"uupaa.js@gmail.com"},"maintainers":[{"name":"uupaa","email":"uupaa.js@gmail.com"}]}
104 error new={"name":"uupaa.extend.js","version":"0.8.10","description":"Mixin, Polyfill, Fallback functions.","url":"https://github.com/uupaa/Extend.js","keywords":["Extend","Mixin","Polyfill","Fallback","util","uupaa","WebModule"],"repository":{"type":"git","url":"https://github.com/uupaa/Extend.js.git"},"scripts":{"watch":"node node_modules/uupaa.watch.js --verbose --action build","build":"node node_modules/uupaa.minify.js --verbose --strict --keep --pretty","build-simple":"node node_modules/uupaa.minify.js --verbose --strict --keep --pretty --nowrap --simple","build-release":"node node_modules/uupaa.minify.js --verbose --strict --module","test":"npm run test-node; npm run test-browser","test-page":"node node_modules/uupaa.test.js/bin/TestPage.js --verbose","test-node":"NODE_ENV=production NODE_PATH=lib node --harmony test/index.node.js","test-browser":"open test/index.html","lint":"node node_modules/uupaa.plato.js; open lint/plato/index.html"},"x-build":{"files":["lib/Extend.js"],"output":"release/Extend.min.js","target":["all"]},"dependencies":{},"devDependencies":{"uupaa.nodemodule.js":"","uupaa.console.js":"","uupaa.valid.js":"","uupaa.help.js":"","uupaa.task.js":"","uupaa.test.js":"","uupaa.watch.js":"","uupaa.plato.js":"","uupaa.minify.js":""},"lib":"./lib/","main":"./index.js","author":{"name":"uupaa","email":"uupaa.js@gmail.com"},"license":"MIT","contributors":[],"readme":"=========\u000aExtend.js\u000a=========\u000a\u000a![](https://travis-ci.org/uupaa/Extend.js.png)\u000a\u000aMixin, Polyfill, Fallback functions.\u000a\u000a# Document\u000a\u000a- [WebModule](https://github.com/uupaa/WebModule) ([Slide](http://uupaa.github.io/Slide/slide/WebModule/index.html))\u000a- [Development](https://github.com/uupaa/WebModule/wiki/Development)\u000a- [Extend.js wiki](https://github.com/uupaa/Extend.js/wiki/Extend)\u000a\u000a\u000a# How to use\u000a\u000a```js\u000a<script src=\"lib/Extend.js\">\u000a<script>\u000a// for Browser\u000a\u000a// ExtendTreeObject example:\u000a\u000aExtend(global, {\u000a         \"Array\": {\u000a             \"name\": \"Array\",\u000a             \"isArray\": Array_isArray,\u000a             \"prototype\": {\u000a                 \"forEach\": Array_forEach\u000a             }\u000a         },\u000a         \"String\": {\u000a             \"name\": \"String\",\u000a             \"prototype\": {\u000a                 \"trim\": String_trim\u000a             }\u000a         }\u000a     }\u000a });\u000a\u000a</script>\u000a```\u000a\u000a```js\u000a// for WebWorkers\u000aimportScripts(\"lib/Extend.js\");\u000a\u000a...\u000a```\u000a\u000a```js\u000a// for Node.js\u000avar Extend = require(\"lib/Extend.js\");\u000a\u000a...\u000a```\u000a\u000a","readmeFilename":"README.md","bugs":{"url":"https://github.com/uupaa/Extend.js/issues"},"homepage":"https://github.com/uupaa/Extend.js","_id":"uupaa.extend.js@0.8.10","dist":{"shasum":"d69290956c59f27d560ea6233537693f8ee014fd","tarball":"http://registry.npmjs.org/uupaa.extend.js/-/uupaa.extend.js-0.8.10.tgz"},"_from":".","_npmVersion":"1.4.6","_npmUser":{"name":"uupaa","email":"uupaa.js@gmail.com"},"maintainers":[{"name":"uupaa","email":"uupaa.js@gmail.com"}]}: uupaa.extend.js
104 error     at RegClient.<anonymous> (/usr/local/lib/node_modules/npm/node_modules/npm-registry-client/lib/request.js:254:14)
104 error     at Request._callback (/usr/local/lib/node_modules/npm/node_modules/npm-registry-client/lib/request.js:192:65)
104 error     at Request.self.callback (/usr/local/lib/node_modules/npm/node_modules/request/request.js:123:22)
104 error     at Request.EventEmitter.emit (events.js:98:17)
104 error     at Request.<anonymous> (/usr/local/lib/node_modules/npm/node_modules/request/request.js:893:14)
104 error     at Request.EventEmitter.emit (events.js:117:20)
104 error     at IncomingMessage.<anonymous> (/usr/local/lib/node_modules/npm/node_modules/request/request.js:844:12)
104 error     at IncomingMessage.EventEmitter.emit (events.js:117:20)
104 error     at _stream_readable.js:920:16
104 error     at process._tickCallback (node.js:415:13)
105 error If you need help, you may report this *entire* log,
105 error including the npm and node versions, at:
105 error     <http://github.com/npm/npm/issues>
106 error System Darwin 12.5.0
107 error command "node" "/usr/local/bin/npm" "publish"
108 error cwd /Users/obara.takao/oss/my/Extend.js
109 error node -v v0.10.26
110 error npm -v 1.4.6
111 verbose exit [ 1, true ]
